0 info it worked if it ends with ok
1 verbose cli [ 'C:\\Program Files\\nodejs\\node.exe',
1 verbose cli   'C:\\Program Files\\nodejs\\node_modules\\npm\\bin\\npm-cli.js',
1 verbose cli   'install',
1 verbose cli   'sleep' ]
2 info using npm@3.10.10
3 info using node@v6.9.3
4 silly loadCurrentTree Starting
5 silly install loadCurrentTree
6 silly install readLocalPackageData
7 silly fetchPackageMetaData sleep
8 silly fetchNamedPackageData sleep
9 silly mapToRegistry name sleep
10 silly mapToRegistry using default registry
11 silly mapToRegistry registry https://registry.npmjs.org/
12 silly mapToRegistry data Result {
12 silly mapToRegistry   raw: 'sleep',
12 silly mapToRegistry   scope: null,
12 silly mapToRegistry   escapedName: 'sleep',
12 silly mapToRegistry   name: 'sleep',
12 silly mapToRegistry   rawSpec: '',
12 silly mapToRegistry   spec: 'latest',
12 silly mapToRegistry   type: 'tag' }
13 silly mapToRegistry uri https://registry.npmjs.org/sleep
14 verbose request uri https://registry.npmjs.org/sleep
15 verbose request no auth needed
16 info attempt registry request try #1 at 3:07:17 PM
17 verbose request id f20d3b64a8be607c
18 verbose etag W/"5826f3f8-4cf6"
19 verbose lastModified Sat, 12 Nov 2016 10:50:32 GMT
20 http request GET https://registry.npmjs.org/sleep
21 http 200 https://registry.npmjs.org/sleep
22 verbose headers { server: 'nginx/1.10.1',
22 verbose headers   'content-type': 'application/json',
22 verbose headers   'last-modified': 'Tue, 10 Jan 2017 01:39:01 GMT',
22 verbose headers   etag: 'W/"58743b35-520a"',
22 verbose headers   'content-encoding': 'gzip',
22 verbose headers   'cache-control': 'max-age=300',
22 verbose headers   'content-length': '2892',
22 verbose headers   'accept-ranges': 'bytes',
22 verbose headers   date: 'Mon, 27 Mar 2017 09:37:17 GMT',
22 verbose headers   via: '1.1 varnish',
22 verbose headers   age: '248',
22 verbose headers   connection: 'keep-alive',
22 verbose headers   'x-served-by': 'cache-sin18027-SIN',
22 verbose headers   'x-cache': 'HIT',
22 verbose headers   'x-cache-hits': '1',
22 verbose headers   'x-timer': 'S1490607437.669236,VS0,VE0',
22 verbose headers   vary: 'Accept-Encoding' }
23 silly get cb [ 200,
23 silly get   { server: 'nginx/1.10.1',
23 silly get     'content-type': 'application/json',
23 silly get     'last-modified': 'Tue, 10 Jan 2017 01:39:01 GMT',
23 silly get     etag: 'W/"58743b35-520a"',
23 silly get     'content-encoding': 'gzip',
23 silly get     'cache-control': 'max-age=300',
23 silly get     'content-length': '2892',
23 silly get     'accept-ranges': 'bytes',
23 silly get     date: 'Mon, 27 Mar 2017 09:37:17 GMT',
23 silly get     via: '1.1 varnish',
23 silly get     age: '248',
23 silly get     connection: 'keep-alive',
23 silly get     'x-served-by': 'cache-sin18027-SIN',
23 silly get     'x-cache': 'HIT',
23 silly get     'x-cache-hits': '1',
23 silly get     'x-timer': 'S1490607437.669236,VS0,VE0',
23 silly get     vary: 'Accept-Encoding' } ]
24 verbose get saving sleep to C:\Users\shg\AppData\Roaming\npm-cache\registry.npmjs.org\sleep\.cache.json
25 verbose correctMkdir C:\Users\shg\AppData\Roaming\npm-cache correctMkdir not in flight; initializing
26 silly install normalizeTree
27 silly loadCurrentTree Finishing
28 silly loadIdealTree Starting
29 silly install loadIdealTree
30 silly cloneCurrentTree Starting
31 silly install cloneCurrentTreeToIdealTree
32 silly cloneCurrentTree Finishing
33 silly loadShrinkwrap Starting
34 silly install loadShrinkwrap
35 silly loadShrinkwrap Finishing
36 silly loadAllDepsIntoIdealTree Starting
37 silly install loadAllDepsIntoIdealTree
38 silly resolveWithNewModule sleep@5.1.0 checking installable status
39 silly cache add args [ 'sleep', null ]
40 verbose cache add spec sleep
41 silly cache add parsed spec Result {
41 silly cache add   raw: 'sleep',
41 silly cache add   scope: null,
41 silly cache add   escapedName: 'sleep',
41 silly cache add   name: 'sleep',
41 silly cache add   rawSpec: '',
41 silly cache add   spec: 'latest',
41 silly cache add   type: 'tag' }
42 silly addNamed sleep@latest
43 verbose addNamed "latest" is being treated as a dist-tag for sleep
44 info addNameTag [ 'sleep', 'latest' ]
45 silly mapToRegistry name sleep
46 silly mapToRegistry using default registry
47 silly mapToRegistry registry https://registry.npmjs.org/
48 silly mapToRegistry data Result {
48 silly mapToRegistry   raw: 'sleep',
48 silly mapToRegistry   scope: null,
48 silly mapToRegistry   escapedName: 'sleep',
48 silly mapToRegistry   name: 'sleep',
48 silly mapToRegistry   rawSpec: '',
48 silly mapToRegistry   spec: 'latest',
48 silly mapToRegistry   type: 'tag' }
49 silly mapToRegistry uri https://registry.npmjs.org/sleep
50 verbose addNameTag registry:https://registry.npmjs.org/sleep not in flight; fetching
51 verbose get https://registry.npmjs.org/sleep not expired, no request
52 silly addNameTag next cb for sleep with tag latest
53 silly addNamed sleep@5.1.0
54 verbose addNamed "5.1.0" is a plain semver version for sleep
55 silly mapToRegistry name sleep
56 silly mapToRegistry using default registry
57 silly mapToRegistry registry https://registry.npmjs.org/
58 silly mapToRegistry data Result {
58 silly mapToRegistry   raw: 'sleep',
58 silly mapToRegistry   scope: null,
58 silly mapToRegistry   escapedName: 'sleep',
58 silly mapToRegistry   name: 'sleep',
58 silly mapToRegistry   rawSpec: '',
58 silly mapToRegistry   spec: 'latest',
58 silly mapToRegistry   type: 'tag' }
59 silly mapToRegistry uri https://registry.npmjs.org/sleep
60 verbose addRemoteTarball https://registry.npmjs.org/sleep/-/sleep-5.1.0.tgz not in flight; adding
61 verbose addRemoteTarball [ 'https://registry.npmjs.org/sleep/-/sleep-5.1.0.tgz',
61 verbose addRemoteTarball   '0e0b16205d9f9e3b0a95357744b103e797b4c7c1' ]
62 info retry fetch attempt 1 at 3:07:17 PM
63 info attempt registry request try #1 at 3:07:17 PM
64 http fetch GET https://registry.npmjs.org/sleep/-/sleep-5.1.0.tgz
65 http fetch 200 https://registry.npmjs.org/sleep/-/sleep-5.1.0.tgz
66 silly fetchAndShaCheck shasum 0e0b16205d9f9e3b0a95357744b103e797b4c7c1
67 verbose addTmpTarball C:\Users\shg\AppData\Local\Temp\npm-5352-fdc74dca\registry.npmjs.org\sleep\-\sleep-5.1.0.tgz not in flight; adding
68 verbose addTmpTarball already have metadata; skipping unpack for sleep@5.1.0
69 verbose correctMkdir C:\Users\shg\AppData\Roaming\npm-cache correctMkdir not in flight; initializing
70 silly cache afterAdd sleep@5.1.0
71 verbose afterAdd C:\Users\shg\AppData\Roaming\npm-cache\sleep\5.1.0\package\package.json not in flight; writing
72 verbose correctMkdir C:\Users\shg\AppData\Roaming\npm-cache correctMkdir not in flight; initializing
73 verbose afterAdd C:\Users\shg\AppData\Roaming\npm-cache\sleep\5.1.0\package\package.json written
74 silly fetchNamedPackageData nan
75 silly mapToRegistry name nan
76 silly mapToRegistry using default registry
77 silly mapToRegistry registry https://registry.npmjs.org/
78 silly mapToRegistry data Result {
78 silly mapToRegistry   raw: 'nan',
78 silly mapToRegistry   scope: null,
78 silly mapToRegistry   escapedName: 'nan',
78 silly mapToRegistry   name: 'nan',
78 silly mapToRegistry   rawSpec: '',
78 silly mapToRegistry   spec: 'latest',
78 silly mapToRegistry   type: 'tag' }
79 silly mapToRegistry uri https://registry.npmjs.org/nan
80 verbose request uri https://registry.npmjs.org/nan
81 verbose request no auth needed
82 info attempt registry request try #1 at 3:07:17 PM
83 verbose etag W/"585acecf-1d7db"
84 verbose lastModified Wed, 21 Dec 2016 18:49:51 GMT
85 http request GET https://registry.npmjs.org/nan
86 http 200 https://registry.npmjs.org/nan
87 verbose headers { server: 'nginx/1.10.1',
87 verbose headers   'content-type': 'application/json',
87 verbose headers   'last-modified': 'Wed, 22 Mar 2017 11:28:07 GMT',
87 verbose headers   etag: 'W/"58d25fc7-1df7e"',
87 verbose headers   'content-encoding': 'gzip',
87 verbose headers   'cache-control': 'max-age=300',
87 verbose headers   'content-length': '14443',
87 verbose headers   'accept-ranges': 'bytes',
87 verbose headers   date: 'Mon, 27 Mar 2017 09:37:18 GMT',
87 verbose headers   via: '1.1 varnish',
87 verbose headers   age: '150',
87 verbose headers   connection: 'keep-alive',
87 verbose headers   'x-served-by': 'cache-sin18027-SIN',
87 verbose headers   'x-cache': 'HIT',
87 verbose headers   'x-cache-hits': '6',
87 verbose headers   'x-timer': 'S1490607438.052349,VS0,VE0',
87 verbose headers   vary: 'Accept-Encoding' }
88 silly get cb [ 200,
88 silly get   { server: 'nginx/1.10.1',
88 silly get     'content-type': 'application/json',
88 silly get     'last-modified': 'Wed, 22 Mar 2017 11:28:07 GMT',
88 silly get     etag: 'W/"58d25fc7-1df7e"',
88 silly get     'content-encoding': 'gzip',
88 silly get     'cache-control': 'max-age=300',
88 silly get     'content-length': '14443',
88 silly get     'accept-ranges': 'bytes',
88 silly get     date: 'Mon, 27 Mar 2017 09:37:18 GMT',
88 silly get     via: '1.1 varnish',
88 silly get     age: '150',
88 silly get     connection: 'keep-alive',
88 silly get     'x-served-by': 'cache-sin18027-SIN',
88 silly get     'x-cache': 'HIT',
88 silly get     'x-cache-hits': '6',
88 silly get     'x-timer': 'S1490607438.052349,VS0,VE0',
88 silly get     vary: 'Accept-Encoding' } ]
89 verbose get saving nan to C:\Users\shg\AppData\Roaming\npm-cache\registry.npmjs.org\nan\.cache.json
90 verbose correctMkdir C:\Users\shg\AppData\Roaming\npm-cache correctMkdir not in flight; initializing
91 silly resolveWithNewModule nan@2.5.1 checking installable status
92 silly cache add args [ 'nan@>=2.0.0', null ]
93 verbose cache add spec nan@>=2.0.0
94 silly cache add parsed spec Result {
94 silly cache add   raw: 'nan@>=2.0.0',
94 silly cache add   scope: null,
94 silly cache add   escapedName: 'nan',
94 silly cache add   name: 'nan',
94 silly cache add   rawSpec: '>=2.0.0',
94 silly cache add   spec: '>=2.0.0',
94 silly cache add   type: 'range' }
95 silly addNamed nan@>=2.0.0
96 verbose addNamed ">=2.0.0" is a valid semver range for nan
97 silly addNameRange { name: 'nan', range: '>=2.0.0', hasData: false }
98 silly mapToRegistry name nan
99 silly mapToRegistry using default registry
100 silly mapToRegistry registry https://registry.npmjs.org/
101 silly mapToRegistry data Result {
101 silly mapToRegistry   raw: 'nan',
101 silly mapToRegistry   scope: null,
101 silly mapToRegistry   escapedName: 'nan',
101 silly mapToRegistry   name: 'nan',
101 silly mapToRegistry   rawSpec: '',
101 silly mapToRegistry   spec: 'latest',
101 silly mapToRegistry   type: 'tag' }
102 silly mapToRegistry uri https://registry.npmjs.org/nan
103 verbose addNameRange registry:https://registry.npmjs.org/nan not in flight; fetching
104 verbose get https://registry.npmjs.org/nan not expired, no request
105 silly addNameRange number 2 { name: 'nan', range: '>=2.0.0', hasData: true }
106 silly addNameRange versions [ 'nan',
106 silly addNameRange   [ '0.3.0-wip',
106 silly addNameRange     '0.3.0-wip2',
106 silly addNameRange     '0.3.0',
106 silly addNameRange     '0.3.1',
106 silly addNameRange     '0.3.2',
106 silly addNameRange     '0.4.0',
106 silly addNameRange     '0.4.1',
106 silly addNameRange     '0.4.2',
106 silly addNameRange     '0.4.3',
106 silly addNameRange     '0.4.4',
106 silly addNameRange     '0.5.0',
106 silly addNameRange     '0.5.1',
106 silly addNameRange     '0.5.2',
106 silly addNameRange     '0.6.0',
106 silly addNameRange     '0.7.0',
106 silly addNameRange     '0.7.1',
106 silly addNameRange     '0.8.0',
106 silly addNameRange     '1.0.0',
106 silly addNameRange     '1.1.0',
106 silly addNameRange     '1.1.1',
106 silly addNameRange     '1.1.2',
106 silly addNameRange     '1.2.0',
106 silly addNameRange     '1.3.0',
106 silly addNameRange     '1.4.0',
106 silly addNameRange     '1.4.1',
106 silly addNameRange     '1.5.0',
106 silly addNameRange     '1.4.2',
106 silly addNameRange     '1.4.3',
106 silly addNameRange     '1.5.1',
106 silly addNameRange     '1.5.2',
106 silly addNameRange     '1.6.0',
106 silly addNameRange     '1.5.3',
106 silly addNameRange     '1.6.1',
106 silly addNameRange     '1.6.2',
106 silly addNameRange     '1.7.0',
106 silly addNameRange     '1.8.0',
106 silly addNameRange     '1.8.1',
106 silly addNameRange     '1.8.2',
106 silly addNameRange     '1.8.3',
106 silly addNameRange     '1.8.4',
106 silly addNameRange     '1.9.0',
106 silly addNameRange     '2.0.0',
106 silly addNameRange     '2.0.1',
106 silly addNameRange     '2.0.2',
106 silly addNameRange     '2.0.3',
106 silly addNameRange     '2.0.4',
106 silly addNameRange     '2.0.5',
106 silly addNameRange     '2.0.6',
106 silly addNameRange     '2.0.7',
106 silly addNameRange     '2.0.8',
106 silly addNameRange     '2.0.9',
106 silly addNameRange     '2.1.0',
106 silly addNameRange     '2.2.0',
106 silly addNameRange     '2.2.1',
106 silly addNameRange     '2.3.0',
106 silly addNameRange     '2.3.1',
106 silly addNameRange     '2.3.2',
106 silly addNameRange     '2.3.3',
106 silly addNameRange     '2.3.4',
106 silly addNameRange     '2.3.5',
106 silly addNameRange     '2.4.0',
106 silly addNameRange     '2.5.0',
106 silly addNameRange     '2.5.1' ] ]
107 silly addNamed nan@2.5.1
108 verbose addNamed "2.5.1" is a plain semver version for nan
109 silly mapToRegistry name nan
110 silly mapToRegistry using default registry
111 silly mapToRegistry registry https://registry.npmjs.org/
112 silly mapToRegistry data Result {
112 silly mapToRegistry   raw: 'nan',
112 silly mapToRegistry   scope: null,
112 silly mapToRegistry   escapedName: 'nan',
112 silly mapToRegistry   name: 'nan',
112 silly mapToRegistry   rawSpec: '',
112 silly mapToRegistry   spec: 'latest',
112 silly mapToRegistry   type: 'tag' }
113 silly mapToRegistry uri https://registry.npmjs.org/nan
114 verbose addRemoteTarball https://registry.npmjs.org/nan/-/nan-2.5.1.tgz not in flight; adding
115 verbose addRemoteTarball [ 'https://registry.npmjs.org/nan/-/nan-2.5.1.tgz',
115 verbose addRemoteTarball   'd5b01691253326a97a2bbee9e61c55d8d60351e2' ]
116 info retry fetch attempt 1 at 3:07:18 PM
117 info attempt registry request try #1 at 3:07:18 PM
118 http fetch GET https://registry.npmjs.org/nan/-/nan-2.5.1.tgz
119 http fetch 200 https://registry.npmjs.org/nan/-/nan-2.5.1.tgz
120 silly fetchAndShaCheck shasum d5b01691253326a97a2bbee9e61c55d8d60351e2
121 verbose addTmpTarball C:\Users\shg\AppData\Local\Temp\npm-5352-fdc74dca\registry.npmjs.org\nan\-\nan-2.5.1.tgz not in flight; adding
122 verbose addTmpTarball already have metadata; skipping unpack for nan@2.5.1
123 verbose correctMkdir C:\Users\shg\AppData\Roaming\npm-cache correctMkdir not in flight; initializing
124 silly cache afterAdd nan@2.5.1
125 verbose afterAdd C:\Users\shg\AppData\Roaming\npm-cache\nan\2.5.1\package\package.json not in flight; writing
126 verbose correctMkdir C:\Users\shg\AppData\Roaming\npm-cache correctMkdir not in flight; initializing
127 verbose afterAdd C:\Users\shg\AppData\Roaming\npm-cache\nan\2.5.1\package\package.json written
128 silly loadAllDepsIntoIdealTree Finishing
129 silly loadIdealTree Finishing
130 silly currentTree azure-batchclient-sample-nodejs
131 silly idealTree azure-batchclient-sample-nodejs
131 silly idealTree +-- nan@2.5.1
131 silly idealTree `-- sleep@5.1.0
132 silly generateActionsToTake Starting
133 silly install generateActionsToTake
134 silly generateActionsToTake Finishing
135 silly diffTrees action count 2
136 silly diffTrees add nan@2.5.1
137 silly diffTrees add sleep@5.1.0
138 silly decomposeActions action count 16
139 silly decomposeActions fetch nan@2.5.1
140 silly decomposeActions extract nan@2.5.1
141 silly decomposeActions test nan@2.5.1
142 silly decomposeActions preinstall nan@2.5.1
143 silly decomposeActions build nan@2.5.1
144 silly decomposeActions install nan@2.5.1
145 silly decomposeActions postinstall nan@2.5.1
146 silly decomposeActions finalize nan@2.5.1
147 silly decomposeActions fetch sleep@5.1.0
148 silly decomposeActions extract sleep@5.1.0
149 silly decomposeActions test sleep@5.1.0
150 silly decomposeActions preinstall sleep@5.1.0
151 silly decomposeActions build sleep@5.1.0
152 silly decomposeActions install sleep@5.1.0
153 silly decomposeActions postinstall sleep@5.1.0
154 silly decomposeActions finalize sleep@5.1.0
155 silly runTopLevelLifecycles Starting
156 silly executeActions Starting
157 silly install executeActions
158 silly doSerial global-install 0
159 silly doParallel fetch 2
160 verbose correctMkdir C:\Users\shg\AppData\Roaming\npm-cache\_locks correctMkdir not in flight; initializing
161 verbose lock using C:\Users\shg\AppData\Roaming\npm-cache\_locks\staging-5b83242b07af496e.lock for C:\repos\azure-batchclient-sample-nodejs\node_modules\.staging
162 silly doParallel extract 2
163 silly extract nan@2.5.1
164 silly extract sleep@5.1.0
165 verbose unbuild node_modules\.staging\nan-ae4bbadf
166 verbose unbuild node_modules\.staging\sleep-190bea46
167 silly gentlyRm C:\repos\azure-batchclient-sample-nodejs\node_modules\.staging\nan-ae4bbadf is being purged from base C:\repos\azure-batchclient-sample-nodejs
168 verbose gentlyRm don't care about contents; nuking C:\repos\azure-batchclient-sample-nodejs\node_modules\.staging\nan-ae4bbadf
169 silly gentlyRm C:\repos\azure-batchclient-sample-nodejs\node_modules\.staging\sleep-190bea46 is being purged from base C:\repos\azure-batchclient-sample-nodejs
170 verbose gentlyRm don't care about contents; nuking C:\repos\azure-batchclient-sample-nodejs\node_modules\.staging\sleep-190bea46
171 verbose tar unpack C:\Users\shg\AppData\Roaming\npm-cache\nan\2.5.1\package.tgz
172 verbose tar unpacking to C:\repos\azure-batchclient-sample-nodejs\node_modules\.staging\nan-ae4bbadf
173 silly gentlyRm C:\repos\azure-batchclient-sample-nodejs\node_modules\.staging\nan-ae4bbadf is being purged
174 verbose gentlyRm don't care about contents; nuking C:\repos\azure-batchclient-sample-nodejs\node_modules\.staging\nan-ae4bbadf
175 verbose tar unpack C:\Users\shg\AppData\Roaming\npm-cache\sleep\5.1.0\package.tgz
176 verbose tar unpacking to C:\repos\azure-batchclient-sample-nodejs\node_modules\.staging\sleep-190bea46
177 silly gentlyRm C:\repos\azure-batchclient-sample-nodejs\node_modules\.staging\sleep-190bea46 is being purged
178 verbose gentlyRm don't care about contents; nuking C:\repos\azure-batchclient-sample-nodejs\node_modules\.staging\sleep-190bea46
179 silly gunzTarPerm modes [ '777', '666' ]
180 silly gunzTarPerm modes [ '777', '666' ]
181 silly gunzTarPerm extractEntry package.json
182 silly gunzTarPerm modified mode [ 'package.json', 436, 438 ]
183 silly gunzTarPerm extractEntry package.json
184 silly gunzTarPerm modified mode [ 'package.json', 436, 438 ]
185 silly gunzTarPerm extractEntry README.md
186 silly gunzTarPerm modified mode [ 'README.md', 436, 438 ]
187 silly gunzTarPerm extractEntry include_dirs.js
188 silly gunzTarPerm modified mode [ 'include_dirs.js', 436, 438 ]
189 silly gunzTarPerm extractEntry .npmignore
190 silly gunzTarPerm modified mode [ '.npmignore', 436, 438 ]
191 silly gunzTarPerm extractEntry README.md
192 silly gunzTarPerm modified mode [ 'README.md', 436, 438 ]
193 silly gunzTarPerm extractEntry test.js
194 silly gunzTarPerm modified mode [ 'test.js', 436, 438 ]
195 silly gunzTarPerm extractEntry index.js
196 silly gunzTarPerm modified mode [ 'index.js', 436, 438 ]
197 silly gunzTarPerm extractEntry nan_converters.h
198 silly gunzTarPerm modified mode [ 'nan_converters.h', 436, 438 ]
199 silly gunzTarPerm extractEntry CHANGELOG.md
200 silly gunzTarPerm modified mode [ 'CHANGELOG.md', 436, 438 ]
201 silly gunzTarPerm extractEntry LICENSE.md
202 silly gunzTarPerm modified mode [ 'LICENSE.md', 436, 438 ]
203 silly gunzTarPerm extractEntry doc/node_misc.md
204 silly gunzTarPerm modified mode [ 'doc/node_misc.md', 436, 438 ]
205 silly gunzTarPerm extractEntry LICENSE.txt
206 silly gunzTarPerm modified mode [ 'LICENSE.txt', 436, 438 ]
207 silly gunzTarPerm extractEntry sleep.cc
208 silly gunzTarPerm modified mode [ 'sleep.cc', 436, 438 ]
209 silly gunzTarPerm extractEntry doc/asyncworker.md
210 silly gunzTarPerm modified mode [ 'doc/asyncworker.md', 436, 438 ]
211 silly gunzTarPerm extractEntry doc/callback.md
212 silly gunzTarPerm modified mode [ 'doc/callback.md', 436, 438 ]
213 silly gunzTarPerm extractEntry binding.gyp
214 silly gunzTarPerm modified mode [ 'binding.gyp', 436, 438 ]
215 silly gunzTarPerm extractEntry doc/converters.md
216 silly gunzTarPerm modified mode [ 'doc/converters.md', 436, 438 ]
217 silly gunzTarPerm extractEntry doc/errors.md
218 silly gunzTarPerm modified mode [ 'doc/errors.md', 436, 438 ]
219 silly gunzTarPerm extractEntry doc/maybe_types.md
220 silly gunzTarPerm modified mode [ 'doc/maybe_types.md', 436, 438 ]
221 silly gunzTarPerm extractEntry doc/methods.md
222 silly gunzTarPerm modified mode [ 'doc/methods.md', 436, 438 ]
223 silly gunzTarPerm extractEntry doc/new.md
224 silly gunzTarPerm modified mode [ 'doc/new.md', 436, 438 ]
225 silly gunzTarPerm extractEntry doc/buffers.md
226 silly gunzTarPerm modified mode [ 'doc/buffers.md', 436, 438 ]
227 silly gunzTarPerm extractEntry doc/object_wrappers.md
228 silly gunzTarPerm modified mode [ 'doc/object_wrappers.md', 436, 438 ]
229 silly gunzTarPerm extractEntry doc/persistent.md
230 silly gunzTarPerm modified mode [ 'doc/persistent.md', 436, 438 ]
231 silly gunzTarPerm extractEntry doc/scopes.md
232 silly gunzTarPerm modified mode [ 'doc/scopes.md', 436, 438 ]
233 silly gunzTarPerm extractEntry doc/script.md
234 silly gunzTarPerm modified mode [ 'doc/script.md', 436, 438 ]
235 silly gunzTarPerm extractEntry doc/string_bytes.md
236 silly gunzTarPerm modified mode [ 'doc/string_bytes.md', 436, 438 ]
237 silly gunzTarPerm extractEntry doc/v8_internals.md
238 silly gunzTarPerm modified mode [ 'doc/v8_internals.md', 436, 438 ]
239 silly gunzTarPerm extractEntry doc/v8_misc.md
240 silly gunzTarPerm modified mode [ 'doc/v8_misc.md', 436, 438 ]
241 silly gentlyRm C:\repos\azure-batchclient-sample-nodejs\node_modules\.staging\sleep-190bea46\node_modules is being purged
242 verbose gentlyRm don't care about contents; nuking C:\repos\azure-batchclient-sample-nodejs\node_modules\.staging\sleep-190bea46\node_modules
243 silly gunzTarPerm extractEntry nan.h
244 silly gunzTarPerm modified mode [ 'nan.h', 436, 438 ]
245 silly gunzTarPerm extractEntry nan_callbacks.h
246 silly gunzTarPerm modified mode [ 'nan_callbacks.h', 436, 438 ]
247 silly gunzTarPerm extractEntry nan_callbacks_12_inl.h
248 silly gunzTarPerm modified mode [ 'nan_callbacks_12_inl.h', 436, 438 ]
249 silly gunzTarPerm extractEntry nan_callbacks_pre_12_inl.h
250 silly gunzTarPerm modified mode [ 'nan_callbacks_pre_12_inl.h', 436, 438 ]
251 silly gunzTarPerm extractEntry nan_converters_43_inl.h
252 silly gunzTarPerm modified mode [ 'nan_converters_43_inl.h', 436, 438 ]
253 silly gunzTarPerm extractEntry nan_converters_pre_43_inl.h
254 silly gunzTarPerm modified mode [ 'nan_converters_pre_43_inl.h', 436, 438 ]
255 silly gunzTarPerm extractEntry nan_implementation_12_inl.h
256 silly gunzTarPerm modified mode [ 'nan_implementation_12_inl.h', 436, 438 ]
257 silly gunzTarPerm extractEntry nan_implementation_pre_12_inl.h
258 silly gunzTarPerm modified mode [ 'nan_implementation_pre_12_inl.h', 436, 438 ]
259 silly gunzTarPerm extractEntry nan_maybe_43_inl.h
260 silly gunzTarPerm modified mode [ 'nan_maybe_43_inl.h', 436, 438 ]
261 silly gunzTarPerm extractEntry nan_maybe_pre_43_inl.h
262 silly gunzTarPerm modified mode [ 'nan_maybe_pre_43_inl.h', 436, 438 ]
263 silly gunzTarPerm extractEntry nan_new.h
264 silly gunzTarPerm modified mode [ 'nan_new.h', 436, 438 ]
265 silly gunzTarPerm extractEntry nan_object_wrap.h
266 silly gunzTarPerm modified mode [ 'nan_object_wrap.h', 436, 438 ]
267 silly gunzTarPerm extractEntry nan_persistent_12_inl.h
268 silly gunzTarPerm modified mode [ 'nan_persistent_12_inl.h', 436, 438 ]
269 silly gunzTarPerm extractEntry nan_persistent_pre_12_inl.h
270 silly gunzTarPerm modified mode [ 'nan_persistent_pre_12_inl.h', 436, 438 ]
271 silly gunzTarPerm extractEntry nan_private.h
272 silly gunzTarPerm modified mode [ 'nan_private.h', 436, 438 ]
273 silly gunzTarPerm extractEntry nan_string_bytes.h
274 silly gunzTarPerm modified mode [ 'nan_string_bytes.h', 436, 438 ]
275 silly gunzTarPerm extractEntry nan_typedarray_contents.h
276 silly gunzTarPerm modified mode [ 'nan_typedarray_contents.h', 436, 438 ]
277 silly gunzTarPerm extractEntry nan_weak.h
278 silly gunzTarPerm modified mode [ 'nan_weak.h', 436, 438 ]
279 silly gunzTarPerm extractEntry tools/package.json
280 silly gunzTarPerm modified mode [ 'tools/package.json', 436, 438 ]
281 silly gunzTarPerm extractEntry tools/README.md
282 silly gunzTarPerm modified mode [ 'tools/README.md', 436, 438 ]
283 silly gunzTarPerm extractEntry tools/1to2.js
284 silly gunzTarPerm modified mode [ 'tools/1to2.js', 509, 511 ]
285 silly gentlyRm C:\repos\azure-batchclient-sample-nodejs\node_modules\.staging\nan-ae4bbadf\node_modules is being purged
286 verbose gentlyRm don't care about contents; nuking C:\repos\azure-batchclient-sample-nodejs\node_modules\.staging\nan-ae4bbadf\node_modules
287 silly doParallel preinstall 2
288 silly preinstall nan@2.5.1 C:\repos\azure-batchclient-sample-nodejs\node_modules\.staging\nan-ae4bbadf
289 info lifecycle nan@2.5.1~preinstall: nan@2.5.1
290 silly preinstall sleep@5.1.0 C:\repos\azure-batchclient-sample-nodejs\node_modules\.staging\sleep-190bea46
291 info lifecycle sleep@5.1.0~preinstall: sleep@5.1.0
292 silly lifecycle nan@2.5.1~preinstall: no script for preinstall, continuing
293 silly lifecycle sleep@5.1.0~preinstall: no script for preinstall, continuing
294 silly doReverseSerial remove 0
295 silly doSerial move 0
296 silly doSerial finalize 2
297 silly finalize C:\repos\azure-batchclient-sample-nodejs\node_modules\nan
298 silly finalize C:\repos\azure-batchclient-sample-nodejs\node_modules\sleep
299 silly doSerial build 2
300 silly build nan@2.5.1
301 info linkStuff nan@2.5.1
302 silly linkStuff nan@2.5.1 has C:\repos\azure-batchclient-sample-nodejs\node_modules as its parent node_modules
303 verbose linkBins nan@2.5.1
304 verbose linkMans nan@2.5.1
305 silly build sleep@5.1.0
306 info linkStuff sleep@5.1.0
307 silly linkStuff sleep@5.1.0 has C:\repos\azure-batchclient-sample-nodejs\node_modules as its parent node_modules
308 verbose linkBins sleep@5.1.0
309 verbose linkMans sleep@5.1.0
310 silly doSerial global-link 0
311 silly doParallel update-linked 0
312 silly doSerial install 2
313 silly install nan@2.5.1 C:\repos\azure-batchclient-sample-nodejs\node_modules\.staging\nan-ae4bbadf
314 info lifecycle nan@2.5.1~install: nan@2.5.1
315 silly lifecycle nan@2.5.1~install: no script for install, continuing
316 silly install sleep@5.1.0 C:\repos\azure-batchclient-sample-nodejs\node_modules\.staging\sleep-190bea46
317 info lifecycle sleep@5.1.0~install: sleep@5.1.0
318 verbose lifecycle sleep@5.1.0~install: unsafe-perm in lifecycle true
319 verbose lifecycle sleep@5.1.0~install: PATH: C:\Program Files\nodejs\node_modules\npm\bin\node-gyp-bin;C:\repos\azure-batchclient-sample-nodejs\node_modules\sleep\node_modules\.bin;C:\repos\azure-batchclient-sample-nodejs\node_modules\.bin;C:\ProgramData\Oracle\Java\javapath;C:\Program Files\Common Files\Microsoft Shared\Microsoft Online Services;C:\Program Files (x86)\Common Files\Microsoft Shared\Microsoft Online Services;C:\windows\system32;C:\windows;C:\windows\System32\Wbem;C:\windows\System32\WindowsPowerShell\v1.0\;C:\Program Files\Microsoft SQL Server\120\Tools\Binn\;C:\Program Files\Microsoft SQL Server\130\Tools\Binn\;C:\Program Files\Microsoft\Web Platform Installer\;C:\Program Files\Microsoft SQL Server\Client SDK\ODBC\130\Tools\Binn\;C:\Program Files (x86)\Windows Kits\10\Windows Performance Toolkit\;C:\Program Files\nodejs\;C:\Program Files\Microsoft Service Fabric\bin\Fabric\Fabric.Code;C:\Program Files\Microsoft SDKs\Service Fabric\Tools\ServiceFabricLocalClusterManager;C:\Program Files (x86)\Microsoft SQL Server\Client SDK\ODBC\130\Tools\Binn\;C:\Program Files (x86)\Microsoft SQL Server\130\Tools\Binn\;C:\Program Files (x86)\Microsoft SQL Server\130\DTS\Binn\;C:\Program Files (x86)\Microsoft SQL Server\130\Tools\Binn\ManagementStudio\;C:\Program Files (x86)\Skype\Phone\;C:\Program Files\dotnet\;C:\Program Files\Git\cmd;C:\Users\shg\.dnx\bin;C:\Users\shg\AppData\Local\Programs\Python\Python36\Scripts\;C:\Users\shg\AppData\Local\Programs\Python\Python36\;C:\Users\shg\AppData\Local\Microsoft\WindowsApps;C:\Users\shg\AppData\Local\Programs\Python\Python36\Scripts;C:\Program Files (x86)\Microsoft VS Code\bin;C:\Users\shg\AppData\Roaming\npm;C:\Users\shg\AppData\Local\atom\bin
320 verbose lifecycle sleep@5.1.0~install: CWD: C:\repos\azure-batchclient-sample-nodejs\node_modules\sleep
321 silly lifecycle sleep@5.1.0~install: Args: [ '/d /s /c', 'node-gyp rebuild' ]
322 silly lifecycle sleep@5.1.0~install: Returned: code: 1  signal: null
323 info lifecycle sleep@5.1.0~install: Failed to exec install script
324 verbose unlock done using C:\Users\shg\AppData\Roaming\npm-cache\_locks\staging-5b83242b07af496e.lock for C:\repos\azure-batchclient-sample-nodejs\node_modules\.staging
325 silly rollbackFailedOptional Starting
326 silly rollbackFailedOptional Finishing
327 silly runTopLevelLifecycles Finishing
328 silly install printInstalled
329 warn enoent ENOENT: no such file or directory, open 'C:\repos\azure-batchclient-sample-nodejs\package.json'
330 verbose enoent ENOENT: no such file or directory, open 'C:\repos\azure-batchclient-sample-nodejs\package.json'
330 verbose enoent This is most likely not a problem with npm itself
330 verbose enoent and is related to npm not being able to find a file.
331 warn azure-batchclient-sample-nodejs No description
332 verbose If you need help, you may report this error at:
332 verbose     <https://github.com/npm/npm/issues>
333 warn azure-batchclient-sample-nodejs No repository field.
334 verbose If you need help, you may report this error at:
334 verbose     <https://github.com/npm/npm/issues>
335 warn azure-batchclient-sample-nodejs No README data
336 verbose If you need help, you may report this error at:
336 verbose     <https://github.com/npm/npm/issues>
337 warn azure-batchclient-sample-nodejs No license field.
338 verbose If you need help, you may report this error at:
338 verbose     <https://github.com/npm/npm/issues>
339 verbose stack Error: sleep@5.1.0 install: `node-gyp rebuild`
339 verbose stack Exit status 1
339 verbose stack     at EventEmitter.<anonymous> (C:\Program Files\nodejs\node_modules\npm\lib\utils\lifecycle.js:255:16)
339 verbose stack     at emitTwo (events.js:106:13)
339 verbose stack     at EventEmitter.emit (events.js:191:7)
339 verbose stack     at ChildProcess.<anonymous> (C:\Program Files\nodejs\node_modules\npm\lib\utils\spawn.js:40:14)
339 verbose stack     at emitTwo (events.js:106:13)
339 verbose stack     at ChildProcess.emit (events.js:191:7)
339 verbose stack     at maybeClose (internal/child_process.js:877:16)
339 verbose stack     at Process.ChildProcess._handle.onexit (internal/child_process.js:226:5)
340 verbose pkgid sleep@5.1.0
341 verbose cwd C:\repos\azure-batchclient-sample-nodejs
342 error Windows_NT 10.0.14393
343 error argv "C:\\Program Files\\nodejs\\node.exe" "C:\\Program Files\\nodejs\\node_modules\\npm\\bin\\npm-cli.js" "install" "sleep"
344 error node v6.9.3
345 error npm  v3.10.10
346 error code ELIFECYCLE
347 error sleep@5.1.0 install: `node-gyp rebuild`
347 error Exit status 1
348 error Failed at the sleep@5.1.0 install script 'node-gyp rebuild'.
348 error Make sure you have the latest version of node.js and npm installed.
348 error If you do, this is most likely a problem with the sleep package,
348 error not with npm itself.
348 error Tell the author that this fails on your system:
348 error     node-gyp rebuild
348 error You can get information on how to open an issue for this project with:
348 error     npm bugs sleep
348 error Or if that isn't available, you can get their info via:
348 error     npm owner ls sleep
348 error There is likely additional logging output above.
349 verbose exit [ 1, true ]
